{
  "RSpec": {
    "coverage": {
      "/Users/carisaelam/odin-repos/ruby/odin-chess/spec/bishop_spec.rb": {
        "lines": [
          null,
          null,
          1,
          1,
          null,
          1,
          9,
          8,
          2,
          null,
          1,
          1,
          1,
          null,
          null,
          1,
          1,
          null,
          null,
          null,
          1,
          1,
          1,
          null,
          null,
          null,
          1,
          1,
          5,
          null,
          null,
          1,
          1,
          1,
          null,
          null,
          1,
          1,
          null,
          null,
          null,
          1,
          1,
          1,
          1,
          null,
          null,
          1,
          1,
          null,
          null,
          1,
          1,
          null,
          null,
          null,
          null
        ]
      },
      "/Users/carisaelam/odin-repos/ruby/odin-chess/lib/pieces/bishop.rb": {
        "lines": [
          null,
          null,
          1,
          1,
          null,
          1,
          1,
          2,
          1,
          null,
          1,
          null,
          null,
          null,
          1,
          5,
          5,
          null,
          null,
          1,
          5,
          null,
          null,
          5,
          5,
          5,
          5,
          null,
          5,
          null,
          null,
          1,
          null,
          1,
          20,
          20,
          55,
          55,
          55,
          null,
          55,
          null,
          35,
          35,
          null,
          35,
          null,
          35,
          null,
          20,
          null,
          null
        ]
      },
      "/Users/carisaelam/odin-repos/ruby/odin-chess/lib/piece.rb": {
        "lines": [
          null,
          null,
          1,
          null,
          1,
          1,
          null,
          1,
          4403,
          4403,
          4403,
          null,
          null,
          1,
          3,
          null,
          null,
          null,
          1,
          1,
          1,
          null,
          null,
          1,
          1129,
          null,
          null,
          1,
          2930,
          null,
          null,
          1,
          72,
          72,
          null,
          null
        ]
      },
      "/Users/carisaelam/odin-repos/ruby/odin-chess/lib/board.rb": {
        "lines": [
          null,
          null,
          1,
          1,
          null,
          null,
          1,
          1,
          null,
          1,
          null,
          1,
          null,
          1,
          1,
          1,
          null,
          1,
          null,
          null,
          null,
          null,
          null,
          null,
          null,
          null,
          null,
          null,
          null,
          null,
          null,
          null,
          1,
          22,
          22,
          22,
          22,
          null,
          null,
          1,
          4,
          2,
          null,
          null,
          null,
          null,
          null,
          null,
          2,
          null,
          null,
          null,
          null,
          null,
          null,
          null,
          null,
          1,
          4,
          2,
          null,
          null,
          null,
          null,
          null,
          null,
          null,
          2,
          null,
          null,
          null,
          null,
          null,
          null,
          null,
          null,
          null,
          1,
          0,
          0,
          0,
          null,
          0,
          null,
          null,
          null,
          null,
          null,
          null,
          null,
          null,
          null,
          null,
          null,
          null,
          null,
          1,
          0,
          null,
          null,
          1,
          0,
          null,
          null,
          1,
          2930,
          null,
          2930,
          2930,
          null,
          null,
          1,
          null,
          88,
          null,
          88,
          null,
          null,
          1,
          88,
          176,
          null,
          null,
          null,
          null,
          1,
          0,
          0,
          0,
          null,
          null,
          null,
          1,
          0,
          0,
          0,
          null,
          null,
          null,
          null,
          1,
          30,
          30,
          30,
          null,
          null,
          1,
          null,
          null,
          1,
          90,
          null,
          30,
          30,
          null,
          30,
          30,
          null,
          null,
          30,
          null,
          60,
          60,
          60,
          60,
          60,
          60,
          60,
          60,
          null,
          540,
          null,
          60,
          2160,
          null,
          null,
          null,
          null,
          1,
          0,
          0,
          0,
          null,
          null,
          null,
          1,
          198,
          null,
          null,
          null,
          1,
          704,
          null,
          null,
          null,
          1,
          704,
          null,
          null,
          null,
          1,
          0,
          null,
          null,
          null,
          1,
          null,
          null,
          null,
          null,
          null,
          0,
          null,
          0,
          0,
          null,
          0,
          null,
          0,
          null,
          null,
          null,
          1,
          1408,
          null,
          null,
          null,
          1,
          1408,
          704,
          null,
          704,
          null,
          null,
          null,
          null,
          1,
          1584,
          null,
          null
        ]
      },
      "/Users/carisaelam/odin-repos/ruby/odin-chess/lib/piece_mover.rb": {
        "lines": [
          null,
          null,
          1,
          1,
          null,
          1,
          42,
          null,
          null,
          null,
          1,
          2,
          2,
          null,
          null,
          null,
          1,
          3,
          null,
          null,
          1,
          2,
          2,
          null,
          null,
          1,
          2,
          1,
          1,
          null,
          1,
          1,
          null,
          null,
          null,
          1,
          2,
          1,
          1,
          null,
          1,
          1,
          null,
          null,
          null,
          1,
          null,
          1,
          2,
          2,
          2,
          null,
          1,
          null,
          null,
          null,
          1,
          1,
          1,
          null,
          null,
          null,
          1,
          1,
          null,
          null,
          null,
          1,
          4,
          4,
          4,
          null,
          3,
          null,
          null
        ]
      },
      "/Users/carisaelam/odin-repos/ruby/odin-chess/spec/board_spec.rb": {
        "lines": [
          null,
          null,
          1,
          1,
          1,
          1,
          1,
          1,
          1,
          1,
          null,
          null,
          null,
          1,
          9,
          null,
          1,
          8,
          null,
          null,
          1,
          1,
          1,
          null,
          1,
          1,
          1,
          1,
          null,
          1,
          null,
          null,
          1,
          null,
          1,
          1,
          1,
          1,
          null,
          null,
          null,
          1,
          1,
          null,
          1,
          1,
          null,
          5,
          1,
          null,
          null,
          1,
          null,
          1,
          1,
          1,
          1,
          null,
          null,
          null,
          null,
          1,
          1,
          1,
          null,
          1,
          1,
          1,
          1,
          1,
          null,
          1,
          null,
          null,
          1,
          null,
          1,
          1,
          1,
          1,
          null,
          null,
          null,
          1,
          1,
          null,
          1,
          1,
          1,
          1,
          1,
          1,
          null,
          null,
          1,
          null,
          1,
          1,
          1,
          1,
          null,
          null,
          null,
          null
        ]
      },
      "/Users/carisaelam/odin-repos/ruby/odin-chess/lib/pieces/pawn.rb": {
        "lines": [
          null,
          null,
          1,
          null,
          1,
          1,
          2,
          1,
          null,
          1,
          null,
          null,
          null,
          1,
          14,
          null,
          14,
          null,
          null,
          1,
          14,
          null,
          null,
          1,
          null,
          1,
          18,
          18,
          null,
          18,
          18,
          18,
          18,
          null,
          null,
          18,
          null,
          18,
          18,
          18,
          null,
          18,
          null,
          null,
          1,
          75,
          null,
          74,
          null,
          74,
          36,
          38,
          37,
          null,
          null,
          null
        ]
      },
      "/Users/carisaelam/odin-repos/ruby/odin-chess/lib/pieces/rook.rb": {
        "lines": [
          null,
          null,
          1,
          1,
          null,
          1,
          1,
          2,
          1,
          null,
          1,
          null,
          null,
          null,
          1,
          3,
          null,
          null,
          3,
          null,
          null,
          null,
          1,
          4,
          null,
          4,
          4,
          4,
          4,
          null,
          4,
          null,
          null,
          1,
          null,
          1,
          null,
          16,
          16,
          40,
          40,
          40,
          null,
          40,
          null,
          32,
          32,
          null,
          30,
          null,
          30,
          null,
          null,
          16,
          null,
          null
        ]
      },
      "/Users/carisaelam/odin-repos/ruby/odin-chess/lib/pieces/empty_piece.rb": {
        "lines": [
          null,
          null,
          1,
          null,
          1,
          1,
          3349,
          null,
          null,
          1,
          1,
          null,
          1,
          null,
          null
        ]
      },
      "/Users/carisaelam/odin-repos/ruby/odin-chess/lib/pieces/king.rb": {
        "lines": [
          null,
          null,
          1,
          1,
          null,
          1,
          1,
          2,
          1,
          null,
          1,
          null,
          null,
          null,
          1,
          6,
          null,
          6,
          null,
          null,
          1,
          6,
          6,
          null,
          null,
          1,
          null,
          1,
          6,
          6,
          6,
          6,
          6,
          6,
          6,
          6,
          6,
          null,
          54,
          54,
          null,
          null,
          null,
          null
        ]
      },
      "/Users/carisaelam/odin-repos/ruby/odin-chess/lib/pieces/queen.rb": {
        "lines": [
          null,
          null,
          1,
          1,
          null,
          1,
          1,
          2,
          1,
          null,
          1,
          null,
          null,
          null,
          1,
          4,
          null,
          4,
          null,
          null,
          1,
          4,
          null,
          null,
          4,
          4,
          4,
          4,
          null,
          null,
          4,
          4,
          4,
          4,
          null,
          4,
          null,
          null,
          1,
          null,
          1,
          32,
          32,
          112,
          112,
          112,
          null,
          112,
          null,
          84,
          84,
          null,
          84,
          84,
          null,
          32,
          null,
          null
        ]
      },
      "/Users/carisaelam/odin-repos/ruby/odin-chess/lib/pieces/knight.rb": {
        "lines": [
          null,
          null,
          1,
          1,
          null,
          1,
          1,
          2,
          1,
          null,
          1,
          null,
          null,
          null,
          1,
          7,
          null,
          7,
          null,
          null,
          1,
          8,
          8,
          null,
          null,
          1,
          null,
          1,
          8,
          8,
          8,
          8,
          8,
          8,
          8,
          8,
          8,
          null,
          72,
          32,
          null,
          null
        ]
      },
      "/Users/carisaelam/odin-repos/ruby/odin-chess/spec/check_status_spec.rb": {
        "lines": [
          1,
          1,
          1,
          1,
          null,
          1,
          6,
          6,
          null,
          1,
          1,
          1,
          1,
          null,
          null,
          null,
          1,
          3,
          3,
          null,
          1,
          2,
          2,
          2,
          null,
          null,
          1,
          1,
          null,
          1,
          1,
          null,
          null,
          1,
          1,
          1,
          1,
          null,
          null,
          null,
          1,
          2,
          2,
          null,
          1,
          1,
          1,
          1,
          1,
          null,
          null,
          1,
          1,
          1,
          null,
          null,
          null,
          1,
          1,
          1,
          73,
          1,
          null,
          null,
          null
        ]
      },
      "/Users/carisaelam/odin-repos/ruby/odin-chess/lib/check_status.rb": {
        "lines": [
          1,
          1,
          1,
          null,
          1,
          1,
          1,
          null,
          1,
          5,
          5,
          5,
          null,
          null,
          null,
          1,
          null,
          0,
          null,
          0,
          null,
          0,
          0,
          null,
          null,
          null,
          0,
          null,
          null,
          null,
          0,
          0,
          null,
          null,
          1,
          null,
          0,
          null,
          null,
          1,
          null,
          0,
          null,
          0,
          null,
          0,
          0,
          0,
          0,
          null,
          null,
          0,
          null,
          null,
          1,
          0,
          0,
          0,
          null,
          null,
          null,
          1,
          null,
          2,
          2,
          null,
          2,
          3,
          3,
          null,
          null,
          null,
          null,
          null,
          null,
          2,
          null,
          null,
          1,
          2,
          null,
          null,
          1,
          2,
          null,
          null,
          null,
          1,
          2,
          2,
          null,
          null,
          null,
          2,
          null,
          null,
          1,
          0,
          null,
          null,
          1,
          null,
          null,
          1,
          1,
          1,
          2,
          2,
          1,
          null,
          null,
          1,
          null,
          2,
          null,
          null,
          null,
          1,
          1,
          1,
          8,
          64,
          null,
          null,
          1,
          null,
          null
        ]
      },
      "/Users/carisaelam/odin-repos/ruby/odin-chess/spec/coordinate_converter_spec.rb": {
        "lines": [
          null,
          null,
          1,
          null,
          1,
          3,
          null,
          1,
          1,
          1,
          1,
          null,
          null,
          1,
          1,
          1,
          null,
          null,
          null
        ]
      },
      "/Users/carisaelam/odin-repos/ruby/odin-chess/lib/coordinate_converter.rb": {
        "lines": [
          null,
          null,
          1,
          1,
          null,
          null,
          null,
          null,
          null,
          null,
          null,
          null,
          null,
          null,
          null,
          null,
          null,
          null,
          null,
          null,
          null,
          null,
          null,
          null,
          1,
          2,
          null,
          null,
          null,
          1,
          4,
          null,
          4,
          null,
          null,
          1,
          4,
          null,
          null,
          1,
          8,
          null,
          null
        ]
      },
      "/Users/carisaelam/odin-repos/ruby/odin-chess/spec/empty_spec.rb": {
        "lines": [
          null,
          null,
          1,
          1,
          null,
          1,
          5,
          null,
          1,
          1,
          1,
          null,
          null,
          1,
          1,
          null,
          null,
          1,
          1,
          null,
          null,
          null,
          1,
          1,
          1,
          null,
          null,
          null
        ]
      },
      "/Users/carisaelam/odin-repos/ruby/odin-chess/spec/king_spec.rb": {
        "lines": [
          null,
          null,
          null,
          null,
          1,
          1,
          1,
          null,
          1,
          9,
          9,
          9,
          2,
          2,
          null,
          1,
          8,
          8,
          null,
          null,
          1,
          1,
          1,
          null,
          null,
          1,
          1,
          null,
          null,
          null,
          1,
          1,
          1,
          1,
          null,
          null,
          1,
          1,
          null,
          null,
          null,
          1,
          1,
          1,
          null,
          null,
          1,
          1,
          null,
          null,
          1,
          1,
          1,
          null,
          null,
          1,
          1,
          1,
          null,
          null,
          null,
          null
        ]
      },
      "/Users/carisaelam/odin-repos/ruby/odin-chess/spec/knight_spec.rb": {
        "lines": [
          null,
          null,
          1,
          1,
          1,
          1,
          null,
          1,
          11,
          10,
          2,
          11,
          2,
          2,
          null,
          1,
          10,
          null,
          null,
          1,
          1,
          1,
          null,
          null,
          1,
          1,
          null,
          null,
          null,
          1,
          1,
          1,
          1,
          1,
          null,
          null,
          1,
          1,
          1,
          null,
          null,
          null,
          1,
          1,
          1,
          1,
          null,
          null,
          1,
          1,
          1,
          null,
          null,
          1,
          1,
          1,
          null,
          null,
          null,
          1,
          1,
          1,
          1,
          null,
          null,
          null,
          1,
          1,
          1,
          1,
          null,
          null,
          null,
          null,
          1,
          1,
          1,
          1,
          1,
          1,
          1,
          null,
          null,
          null
        ]
      },
      "/Users/carisaelam/odin-repos/ruby/odin-chess/spec/pawn_spec.rb": {
        "lines": [
          null,
          null,
          1,
          1,
          1,
          null,
          1,
          16,
          14,
          8,
          2,
          null,
          1,
          1,
          1,
          null,
          null,
          1,
          1,
          null,
          null,
          null,
          1,
          1,
          6,
          null,
          null,
          1,
          1,
          1,
          1,
          null,
          null,
          1,
          1,
          1,
          1,
          1,
          null,
          1,
          1,
          1,
          1,
          null,
          null,
          1,
          1,
          1,
          null,
          null,
          null,
          1,
          1,
          1,
          null,
          null,
          1,
          1,
          1,
          null,
          null,
          1,
          1,
          1,
          1,
          1,
          null,
          null,
          null,
          null,
          1,
          1,
          1,
          null,
          1,
          1,
          null,
          null,
          1,
          1,
          1,
          1,
          1,
          1,
          null,
          1,
          1,
          null,
          null,
          null,
          1,
          1,
          1,
          null,
          null,
          1,
          1,
          null,
          null,
          null,
          1,
          1,
          1,
          1,
          null,
          1,
          1,
          null,
          null,
          1,
          1,
          1,
          null,
          1,
          1,
          null,
          null,
          1,
          1,
          1,
          null,
          1,
          1,
          null,
          null,
          null
        ]
      },
      "/Users/carisaelam/odin-repos/ruby/odin-chess/spec/piece_mover_spec.rb": {
        "lines": [
          null,
          null,
          1,
          1,
          1,
          1,
          1,
          null,
          1,
          16,
          16,
          11,
          10,
          3,
          8,
          null,
          1,
          1,
          2,
          2,
          2,
          2,
          null,
          null,
          1,
          1,
          1,
          null,
          null,
          1,
          1,
          1,
          null,
          null,
          null,
          1,
          1,
          1,
          1,
          1,
          null,
          null,
          null,
          1,
          1,
          1,
          1,
          null,
          null,
          1,
          1,
          1,
          null,
          null,
          null,
          1,
          1,
          1,
          1,
          1,
          1,
          null,
          null,
          null,
          1,
          1,
          1,
          1,
          1,
          null,
          null,
          null,
          null,
          1,
          1,
          1,
          1,
          1,
          1,
          null,
          null,
          null,
          1,
          1,
          1,
          1,
          1,
          null,
          null,
          null,
          null,
          1,
          1,
          1,
          1,
          1,
          null,
          null,
          1,
          1,
          1,
          1,
          null,
          null,
          null,
          1,
          1,
          1,
          1,
          null,
          null,
          null,
          1,
          1,
          1,
          1,
          null,
          null,
          null,
          1,
          1,
          1,
          1,
          1,
          null,
          null,
          null,
          1,
          1,
          1,
          1,
          null,
          null,
          null
        ]
      },
      "/Users/carisaelam/odin-repos/ruby/odin-chess/spec/piece_spec.rb": {
        "lines": [
          null,
          null,
          1,
          1,
          null,
          1,
          4,
          4,
          null,
          1,
          1,
          1,
          1,
          1,
          null,
          null,
          null,
          1,
          1,
          1,
          null,
          null,
          null,
          1,
          1,
          1,
          1,
          null,
          null,
          null,
          null
        ]
      },
      "/Users/carisaelam/odin-repos/ruby/odin-chess/spec/queen_spec.rb": {
        "lines": [
          null,
          null,
          1,
          1,
          null,
          1,
          8,
          7,
          2,
          null,
          1,
          1,
          1,
          null,
          null,
          1,
          1,
          null,
          null,
          null,
          1,
          1,
          1,
          null,
          null,
          null,
          1,
          1,
          4,
          null,
          null,
          1,
          1,
          1,
          null,
          null,
          1,
          1,
          null,
          null,
          1,
          1,
          null,
          null,
          null,
          1,
          1,
          1,
          null,
          null,
          null,
          null
        ]
      },
      "/Users/carisaelam/odin-repos/ruby/odin-chess/spec/rook_spec.rb": {
        "lines": [
          1,
          null,
          1,
          7,
          6,
          null,
          1,
          1,
          1,
          null,
          null,
          1,
          1,
          1,
          null,
          null,
          null,
          1,
          1,
          1,
          1,
          1,
          null,
          null,
          null,
          1,
          1,
          1,
          null,
          null,
          1,
          1,
          1,
          null,
          null,
          null,
          null,
          1,
          1,
          1,
          1,
          null,
          null,
          null
        ]
      }
    },
    "timestamp": 1722513215
  }
}
